mktextfm ptmr7t
mktextfm ptmrc7t
mktextfm ptmrc7t
mktextfm ptmrc7t
mktextfm ptmr7t
mktextfm ptmb7t
mktextfm ptmr7t
mktextfm ptmri7t
mktextfm ptmri8c
mktextfm ptmr7t
mktextfm ptmb7t
mktextfm ptmb7t
mktextfm ptmr8c
mktextfm ptmb7t
mktextfm ptmr8t
mktextfm pcrr7t
mktextfm ptmri7t
mktextfm ptmr7t
mktextfm ptmrc7t
mktextfm ptmrc7t
mktextfm ptmrc7t
mktextfm ptmr7t
mktextfm ptmb7t
mktextfm ptmr7t
mktextfm ptmri7t
mktextfm ptmri8c
mktextfm ptmr7t
mktextfm ptmb7t
mktextfm ptmb7t
mktextfm ptmb7t
mktextfm ptmr8c
mktextfm ptmr8t
mktextfm pcrr7t
mktextfm ptmri7t
mktextfm ptmr7t
mktextfm ptmrc7t
mktextfm ptmrc7t
mktextfm ptmrc7t
mktextfm ptmr7t
mktextfm ptmb7t
mktextfm ptmr7t
mktextfm ptmri7t
mktextfm ptmri8c
mktextfm ptmr7t
mktextfm ptmb7t
mktextfm ptmb7t
mktextfm ptmb7t
mktextfm ptmr8c
mktextfm ptmr8t
mktextfm pcrr7t
mktextfm ptmri7t
